This is pdfTeX, Version 3.1415926-2.5-1.40.14 (TeX Live 2013/Debian) (format=pdflatex 2014.10.22)  10 FEB 2015 21:38
entering extended mode
 restricted \write18 enabled.
 %&-line parsing enabled.
**CYP
(./CYP.tex
LaTeX2e <2011/06/27>
Babel <3.9h> and hyphenation patterns for 4 languages loaded.

! LaTeX Error: Missing \begin{document}.

See the LaTeX manual or LaTeX Companion for explanation.
Type  H <return>  for immediate help.
 ...                                              
                                                  
l.1 .
     \documentclass[12pt]{report}
? 
Missing character: There is no . in font nullfont!
(/usr/share/texlive/texmf-dist/tex/latex/base/report.cls
Document Class: report 2007/10/19 v1.4h Standard LaTeX document class
(/usr/share/texlive/texmf-dist/tex/latex/base/size12.clo
File: size12.clo 2007/10/19 v1.4h Standard LaTeX file (size option)
)
\c@part=\count79
\c@chapter=\count80
\c@section=\count81
\c@subsection=\count82
\c@subsubsection=\count83
\c@paragraph=\count84
\c@subparagraph=\count85

Overfull \hbox (20.0pt too wide) in paragraph at lines 1--303
[]
 []

\c@figure=\count86
\c@table=\count87
\abovecaptionskip=\skip41
\belowcaptionskip=\skip42
\bibindent=\dimen102
[1{/var/lib/texmf/fonts/map/pdftex/updmap/pdftex.map}])
(/usr/share/texlive/texmf-dist/tex/latex/graphics/graphicx.sty
Package: graphicx 1999/02/16 v1.0f Enhanced LaTeX Graphics (DPC,SPQR)

(/usr/share/texlive/texmf-dist/tex/latex/graphics/keyval.sty
Package: keyval 1999/03/16 v1.13 key=value parser (DPC)
\KV@toks@=\toks14
)
(/usr/share/texlive/texmf-dist/tex/latex/graphics/graphics.sty
Package: graphics 2009/02/05 v1.0o Standard LaTeX Graphics (DPC,SPQR)

(/usr/share/texlive/texmf-dist/tex/latex/graphics/trig.sty
Package: trig 1999/03/16 v1.09 sin cos tan (DPC)
)
(/usr/share/texlive/texmf-dist/tex/latex/latexconfig/graphics.cfg
File: graphics.cfg 2010/04/23 v1.9 graphics configuration of TeX Live
)
Package graphics Info: Driver file: pdftex.def on input line 91.

(/usr/share/texlive/texmf-dist/tex/latex/pdftex-def/pdftex.def
File: pdftex.def 2011/05/27 v0.06d Graphics/color for pdfTeX

(/usr/share/texlive/texmf-dist/tex/generic/oberdiek/infwarerr.sty
Package: infwarerr 2010/04/08 v1.3 Providing info/warning/error messages (HO)
)
(/usr/share/texlive/texmf-dist/tex/generic/oberdiek/ltxcmds.sty
Package: ltxcmds 2011/11/09 v1.22 LaTeX kernel commands for general use (HO)
)
\Gread@gobject=\count88
))
\Gin@req@height=\dimen103
\Gin@req@width=\dimen104
)
(/usr/share/texlive/texmf-dist/tex/latex/setspace/setspace.sty
Package: setspace 2011/12/19 v6.7a set line spacing
) (./CYP.aux)
\openout1 = `CYP.aux'.

LaTeX Font Info:    Checking defaults for OML/cmm/m/it on input line 16.
LaTeX Font Info:    ... okay on input line 16.
LaTeX Font Info:    Checking defaults for T1/cmr/m/n on input line 16.
LaTeX Font Info:    ... okay on input line 16.
LaTeX Font Info:    Checking defaults for OT1/cmr/m/n on input line 16.
LaTeX Font Info:    ... okay on input line 16.
LaTeX Font Info:    Checking defaults for OMS/cmsy/m/n on input line 16.
LaTeX Font Info:    ... okay on input line 16.
LaTeX Font Info:    Checking defaults for OMX/cmex/m/n on input line 16.
LaTeX Font Info:    ... okay on input line 16.
LaTeX Font Info:    Checking defaults for U/cmr/m/n on input line 16.
LaTeX Font Info:    ... okay on input line 16.

(/usr/share/texlive/texmf-dist/tex/context/base/supp-pdf.mkii
[Loading MPS to PDF converter (version 2006.09.02).]
\scratchcounter=\count89
\scratchdimen=\dimen105
\scratchbox=\box26
\nofMPsegments=\count90
\nofMParguments=\count91
\everyMPshowfont=\toks15
\MPscratchCnt=\count92
\MPscratchDim=\dimen106
\MPnumerator=\count93
\makeMPintoPDFobject=\count94
\everyMPtoPDFconversion=\toks16
) (/usr/share/texlive/texmf-dist/tex/generic/oberdiek/pdftexcmds.sty
Package: pdftexcmds 2011/11/29 v0.20 Utility functions of pdfTeX for LuaTeX (HO
)

(/usr/share/texlive/texmf-dist/tex/generic/oberdiek/ifluatex.sty
Package: ifluatex 2010/03/01 v1.3 Provides the ifluatex switch (HO)
Package ifluatex Info: LuaTeX not detected.
)
(/usr/share/texlive/texmf-dist/tex/generic/oberdiek/ifpdf.sty
Package: ifpdf 2011/01/30 v2.3 Provides the ifpdf switch (HO)
Package ifpdf Info: pdfTeX in PDF mode is detected.
)
Package pdftexcmds Info: LuaTeX not detected.
Package pdftexcmds Info: \pdf@primitive is available.
Package pdftexcmds Info: \pdf@ifprimitive is available.
Package pdftexcmds Info: \pdfdraftmode found.
)
(/usr/share/texlive/texmf-dist/tex/latex/oberdiek/epstopdf-base.sty
Package: epstopdf-base 2010/02/09 v2.5 Base part for package epstopdf

(/usr/share/texlive/texmf-dist/tex/latex/oberdiek/grfext.sty
Package: grfext 2010/08/19 v1.1 Manage graphics extensions (HO)

(/usr/share/texlive/texmf-dist/tex/generic/oberdiek/kvdefinekeys.sty
Package: kvdefinekeys 2011/04/07 v1.3 Define keys (HO)
))
(/usr/share/texlive/texmf-dist/tex/latex/oberdiek/kvoptions.sty
Package: kvoptions 2011/06/30 v3.11 Key value format for package options (HO)

(/usr/share/texlive/texmf-dist/tex/generic/oberdiek/kvsetkeys.sty
Package: kvsetkeys 2012/04/25 v1.16 Key value parser (HO)

(/usr/share/texlive/texmf-dist/tex/generic/oberdiek/etexcmds.sty
Package: etexcmds 2011/02/16 v1.5 Avoid name clashes with e-TeX commands (HO)
Package etexcmds Info: Could not find \expanded.
(etexcmds)             That can mean that you are not using pdfTeX 1.50 or
(etexcmds)             that some package has redefined \expanded.
(etexcmds)             In the latter case, load this package earlier.
)))
Package grfext Info: Graphics extension search list:
(grfext)             [.png,.pdf,.jpg,.mps,.jpeg,.jbig2,.jb2,.PNG,.PDF,.JPG,.JPE
G,.JBIG2,.JB2,.eps]
(grfext)             \AppendGraphicsExtensions on input line 452.

(/usr/share/texlive/texmf-dist/tex/latex/latexconfig/epstopdf-sys.cfg
File: epstopdf-sys.cfg 2010/07/13 v1.3 Configuration of (r)epstopdf for TeX Liv
e
))
LaTeX Font Info:    External font `cmex10' loaded for size
(Font)              <14.4> on input line 19.
LaTeX Font Info:    External font `cmex10' loaded for size
(Font)              <7> on input line 19.

[1

] (./chapters/abstract.tex
LaTeX Font Info:    External font `cmex10' loaded for size
(Font)              <12> on input line 1.
LaTeX Font Info:    External font `cmex10' loaded for size
(Font)              <8> on input line 1.
LaTeX Font Info:    External font `cmex10' loaded for size
(Font)              <6> on input line 1.
) [1

] (./CYP.toc [2

])
\tf@toc=\write3
\openout3 = `CYP.toc'.

 [3] (./CYP.lof)
\tf@lof=\write4
\openout4 = `CYP.lof'.

 [4

]
(./CYP.lot)
\tf@lot=\write5
\openout5 = `CYP.lot'.

 [5

] [6

]
Chapter 1.
(./chapters/chapter1.tex [7

]

LaTeX Warning: Citation `Cohen2004' on page 8 undefined on input line 9.

[8] [9] [10] [11]
Overfull \hbox (19.6138pt too wide) in paragraph at lines 38--39
\OT1/cmr/m/n/12 tion-able prospects that a team would oth-er-wise synthesize.[[
]]
 []

[12] [13]
Missing character: There is no ‚ in font cmr12!
Missing character: There is no Ä in font cmr12!
Missing character: There is no ú in font cmr12!
Missing character: There is no ‚ in font cmr12!
Missing character: There is no Ä in font cmr12!
Missing character: There is no ù in font cmr12!
 [14] [15]
Missing character: There is no ‚ in font cmr12!
Missing character: There is no Ä in font cmr12!
Missing character: There is no ú in font cmr12!
Missing character: There is no ‚ in font cmr12!
Missing character: There is no Ä in font cmr12!
Missing character: There is no ù in font cmr12!
LaTeX Font Info:    Try loading font information for OMS+cmr on input line 87.
 (/usr/share/texlive/texmf-dist/tex/latex/base/omscmr.fd
File: omscmr.fd 1999/05/25 v2.5h Standard LaTeX font definitions
)
LaTeX Font Info:    Font shape `OMS/cmr/m/n' in size <12> not available
(Font)              Font shape `OMS/cmsy/m/n' tried instead on input line 87.

[16] <../img/Typical_QSAR_Process.png, id=66, 505.89pt x 234.8775pt>
File: ../img/Typical_QSAR_Process.png Graphic file (type png)

<use ../img/Typical_QSAR_Process.png>
Package pdftex.def Info: ../img/Typical_QSAR_Process.png used on input line 95.

(pdftex.def)             Requested size: 390.0pt x 181.07484pt.
 [17 <../img/Typical_QSAR_Process.png>]
Overfull \hbox (7.63338pt too wide) in paragraph at lines 111--112
\OT1/cmr/m/n/12 inference.[[]] Sta-tis-ti-cal ma-chine learn-ing con-structs th
at func-
 []

[18] [19]
Missing character: There is no ƒ in font cmr12!
Missing character: There is no á in font cmr12!

Overfull \hbox (2.33298pt too wide) in paragraph at lines 153--155
\OT1/cmr/m/n/12 ries to en-sure that they are avail-able in the fu-ture. [[]] 
 []

[20]) [21]
Chapter 2.
(./chapters/chapter2.tex

LaTeX Warning: Citation `Vasanthanathan2012' on page 22 undefined on input line
 4.


LaTeX Warning: Citation `Novotarskyi2012' on page 22 undefined on input line 4.



LaTeX Warning: Citation `Cheng2012' on page 22 undefined on input line 4.

[22

]
Missing character: There is no ‚ in font cmr12!
Missing character: There is no Ä in font cmr12!
Missing character: There is no ú in font cmr12!
Missing character: There is no ‚ in font cmr12!
Missing character: There is no Ä in font cmr12!
Missing character: There is no ù in font cmr12!
 [23]
Overfull \hbox (0.48761pt too wide) in paragraph at lines 21--22
\OT1/cmr/m/n/12 chem-i-cal space re-vealed that the ma-jor-ity of com-pounds ha
d molec-u-lar weight
 []

<../img/Supervised_Workflow.png, id=90, 496.9767pt x 487.8225pt>
File: ../img/Supervised_Workflow.png Graphic file (type png)

<use ../img/Supervised_Workflow.png>
Package pdftex.def Info: ../img/Supervised_Workflow.png used on input line 32.
(pdftex.def)             Requested size: 390.0pt x 382.81496pt.

Overfull \hbox (4.84778pt too wide) in paragraph at lines 36--36
[]\OT1/cmr/bx/n/17.28 Feature gen-er-a-tion and molec-u-lar de-scrip-
 []

[24] [25 <../img/Supervised_Workflow.png>] [26] [27]
Missing character: There is no ‚ in font cmr12!
Missing character: There is no Ä in font cmr12!
Missing character: There is no ô in font cmr12!
 [28] [29]
Missing character: There is no ¬ in font cmr12!
Missing character: There is no ≠ in font cmr12!
 [30]) [31]
Chapter 3.
(./chapters/chapter3.tex [32

] [33]

! LaTeX Error: File `' not found.

See the LaTeX manual or LaTeX Companion for explanation.
Type  H <return>  for immediate help.
 ...                                              
                                                  
l.23    \includegraphics[width=1\textwidth]{}
                                             
? 

LaTeX Warning: Citation `Labute2001' on page 34 undefined on input line 29.

[34] [35] [36] [37]) [38] [39]
Chapter 4.
(./chapters/chapter4.tex [40

]
Missing character: There is no ¬ in font cmr12!
Missing character: There is no ≠ in font cmr12!
 [41]) (./tables.tex
<../img/2c19_moe_model_accuracy.png, id=148, 527.0892pt x 235.1184pt>
File: ../img/2c19_moe_model_accuracy.png Graphic file (type png)

<use ../img/2c19_moe_model_accuracy.png>
Package pdftex.def Info: ../img/2c19_moe_model_accuracy.png used on input line 
41.
(pdftex.def)             Requested size: 390.0pt x 173.9741pt.


LaTeX Warning: `!h' float specifier changed to `!ht'.

[42] [43 <../img/2c19_moe_model_accuracy.png>]
Overfull \hbox (2.61108pt too wide) in paragraph at lines 52--82
[]$[]$ $[]$ 
 []

<../img/2c9_moe_model_accuracy.png, id=157, 527.0892pt x 235.1184pt>
File: ../img/2c9_moe_model_accuracy.png Graphic file (type png)

<use ../img/2c9_moe_model_accuracy.png>
Package pdftex.def Info: ../img/2c9_moe_model_accuracy.png used on input line 8
6.
(pdftex.def)             Requested size: 390.0pt x 173.9741pt.

Overfull \hbox (2.61108pt too wide) in paragraph at lines 95--125
[]$[]$ $[]$ 
 []

[44 <../img/2c9_moe_model_accuracy.png>]
<../img/1a2_moe_model_accuracy.png, id=162, 527.0892pt x 235.1184pt>
File: ../img/1a2_moe_model_accuracy.png Graphic file (type png)

<use ../img/1a2_moe_model_accuracy.png>
Package pdftex.def Info: ../img/1a2_moe_model_accuracy.png used on input line 1
29.
(pdftex.def)             Requested size: 390.0pt x 173.9741pt.
 [45 <../img/1a2_moe_model_accuracy.png>]
Overfull \hbox (2.61108pt too wide) in paragraph at lines 140--170
[]$[]$ $[]$ 
 []

<../img/2d6_moe_model_accuracy.png, id=167, 527.0892pt x 235.1184pt>
File: ../img/2d6_moe_model_accuracy.png Graphic file (type png)

<use ../img/2d6_moe_model_accuracy.png>
Package pdftex.def Info: ../img/2d6_moe_model_accuracy.png used on input line 1
74.
(pdftex.def)             Requested size: 390.0pt x 173.9741pt.


LaTeX Warning: `!h' float specifier changed to `!ht'.

[46] [47 <../img/2d6_moe_model_accuracy.png>]
Overfull \hbox (2.61108pt too wide) in paragraph at lines 186--216
[]$[]$ $[]$ 
 []

<../img/3a4_moe_model_accuracy.png, id=176, 527.0892pt x 235.1184pt>
File: ../img/3a4_moe_model_accuracy.png Graphic file (type png)

<use ../img/3a4_moe_model_accuracy.png>
Package pdftex.def Info: ../img/3a4_moe_model_accuracy.png used on input line 2
20.
(pdftex.def)             Requested size: 390.0pt x 173.9741pt.
 [48 <../img/3a4_moe_model_accuracy.png>]

LaTeX Warning: `!h' float specifier changed to `!ht'.

<../img/method_comparison_training_set.png, id=182, 527.0892pt x 235.1184pt>
File: ../img/method_comparison_training_set.png Graphic file (type png)

<use ../img/method_comparison_training_set.png>
Package pdftex.def Info: ../img/method_comparison_training_set.png used on inpu
t line 245.
(pdftex.def)             Requested size: 390.0pt x 173.9741pt.


LaTeX Warning: `!h' float specifier changed to `!ht'.

[49] [50 <../img/method_comparison_training_set.png>]
<../img/method_comparison_test_set.png, id=190, 527.0892pt x 235.1184pt>
File: ../img/method_comparison_test_set.png Graphic file (type png)

<use ../img/method_comparison_test_set.png>
Package pdftex.def Info: ../img/method_comparison_test_set.png used on input li
ne 270.
(pdftex.def)             Requested size: 390.0pt x 173.9741pt.


LaTeX Warning: `!h' float specifier changed to `!ht'.

[51]) [52 <../img/method_comparison_test_set.png>]
Chapter 5.
(./chapters/chapter5.tex [53

]
Missing character: There is no ‚ in font cmr12!
Missing character: There is no Ä in font cmr12!
Missing character: There is no ú in font cmr12!
Missing character: There is no ‚ in font cmr12!
Missing character: There is no Ä in font cmr12!
Missing character: There is no ù in font cmr12!
Missing character: There is no ‚ in font cmr12!
Missing character: There is no Ä in font cmr12!
Missing character: There is no ú in font cmr12!
Missing character: There is no ‚ in font cmr12!
Missing character: There is no Ä in font cmr12!
Missing character: There is no ù in font cmr12!
 [54]
Missing character: There is no ‚ in font cmr12!
Missing character: There is no Ä in font cmr12!
Missing character: There is no ô in font cmr12!
Missing character: There is no ‚ in font cmr12!
Missing character: There is no Ä in font cmr12!
Missing character: There is no ô in font cmr12!
 [55]
Missing character: There is no ‚ in font cmr12!
Missing character: There is no Ä in font cmr12!
Missing character: There is no ú in font cmr12!
Missing character: There is no ‚ in font cmr12!
Missing character: There is no Ä in font cmr12!
Missing character: There is no ù in font cmr12!
) [56]
Chapter 6.
(./chapters/conclusion.tex [57

]
Missing character: There is no ¬ in font cmr12!
Missing character: There is no ≠ in font cmr12!
Missing character: There is no ¬ in font cmr12!
Missing character: There is no ≠ in font cmr12!
) [58] (./CYP.bbl [59]
Underfull \hbox (badness 3396) in paragraph at lines 53--58
[]\OT1/cmr/m/n/12 Lapins, M., Worachartchee-wan, A., Spjuth, O.,
 []

[60

]
Missing character: There is no ƒ in font cmr12!
Missing character: There is no á in font cmr12!
Missing character: There is no ƒ in font cmr12!
Missing character: There is no á in font cmr12!
) [61] (./CYP.aux)

LaTeX Warning: There were undefined references.

 ) 
Here is how much of TeX's memory you used:
 1684 strings out of 494985
 24844 string characters out of 6180355
 85353 words of memory out of 5000000
 4844 multiletter control sequences out of 15000+600000
 10120 words of font info for 35 fonts, out of 8000000 for 9000
 36 hyphenation exceptions out of 8191
 37i,10n,23p,1405b,325s stack positions out of 5000i,500n,10000p,200000b,80000s
</usr/share/texlive/texmf-dist/fonts/type1/public/amsfonts/cm/cmbx12.pfb></us
r/share/texlive/texmf-dist/fonts/type1/public/amsfonts/cm/cmbxti10.pfb></usr/sh
are/texlive/texmf-dist/fonts/type1/public/amsfonts/cm/cmmi12.pfb></usr/share/te
xlive/texmf-dist/fonts/type1/public/amsfonts/cm/cmr12.pfb></usr/share/texlive/t
exmf-dist/fonts/type1/public/amsfonts/cm/cmr17.pfb></usr/share/texlive/texmf-di
st/fonts/type1/public/amsfonts/cm/cmsy10.pfb></usr/share/texlive/texmf-dist/fon
ts/type1/public/amsfonts/cm/cmti12.pfb>
Output written on CYP.pdf (63 pages, 946440 bytes).
PDF statistics:
 253 PDF objects out of 1000 (max. 8388607)
 163 compressed objects within 2 object streams
 0 named destinations out of 1000 (max. 500000)
 46 words of extra memory for PDF output out of 10000 (max. 10000000)

